
Showing logs for build [32mcb-kubecd-bdd-gh-1596446930-mas-6hh9p-1[0m stage [32mfrom-build-pack[0m and container [32mstep-credential-initializer-msnmt[0m
{"level":"info","ts":1596447500.3378732,"logger":"fallback-logger","caller":"logging/config.go:69","msg":"Fetch GitHub commit ID from kodata failed: open /var/run/ko/refs/heads/0.8.0-ns-support: no such file or directory"}
{"level":"info","ts":1596447500.3382936,"logger":"fallback-logger","caller":"creds-init/main.go:40","msg":"Credentials initialized."}

Showing logs for build [32mcb-kubecd-bdd-gh-1596446930-mas-6hh9p-1[0m stage [32mfrom-build-pack[0m and container [32mstep-working-dir-initializer-m2bbk[0m
{"level":"info","ts":1596447501.3100243,"logger":"fallback-logger","caller":"logging/config.go:69","msg":"Fetch GitHub commit ID from kodata failed: open /var/run/ko/HEAD: no such file or directory"}
{"level":"info","ts":1596447501.3123848,"logger":"fallback-logger","caller":"bash/main.go:64","msg":"Successfully executed command \"sh -c mkdir -p /workspace/source\"; output "}

Showing logs for build [32mcb-kubecd-bdd-gh-1596446930-mas-6hh9p-1[0m stage [32mfrom-build-pack[0m and container [32mstep-place-tools[0m

Showing logs for build [32mcb-kubecd-bdd-gh-1596446930-mas-6hh9p-1[0m stage [32mfrom-build-pack[0m and container [32mstep-git-source-cb-kubecd-bdd-gh-1596446930-mas-6hh9p-7rrv2[0m
{"level":"info","ts":1596447608.8201766,"logger":"fallback-logger","caller":"logging/config.go:69","msg":"Fetch GitHub commit ID from kodata failed: open /var/run/ko/refs/heads/0.8.0-ns-support: no such file or directory"}
{"level":"info","ts":1596447610.105088,"logger":"fallback-logger","caller":"git/git.go:103","msg":"Successfully cloned https://github.com/cb-kubecd/bdd-gh-1596446930.git @ v0.0.2 in path /workspace/source"}

Showing logs for build [32mcb-kubecd-bdd-gh-1596446930-mas-6hh9p-1[0m stage [32mfrom-build-pack[0m and container [32mstep-setup-builder-home[0m

Showing logs for build [32mcb-kubecd-bdd-gh-1596446930-mas-6hh9p-1[0m stage [32mfrom-build-pack[0m and container [32mstep-git-merge[0m
Using SHAs from PULL_REFS=master:
WARNING: no SHAs to merge, falling back to initial cloned commit

Showing logs for build [32mcb-kubecd-bdd-gh-1596446930-mas-6hh9p-1[0m stage [32mfrom-build-pack[0m and container [32mstep-setup-jx-git-credentials[0m
Generated Git credentials file /workspace/xdg_config/git/credentials

Showing logs for build [32mcb-kubecd-bdd-gh-1596446930-mas-6hh9p-1[0m stage [32mfrom-build-pack[0m and container [32mstep-build-make-build[0m
CGO_ENABLED=0 GO15VENDOREXPERIMENT=1 go build -ldflags '' -o bin/bdd-gh-1596446930 main.go

Showing logs for build [32mcb-kubecd-bdd-gh-1596446930-mas-6hh9p-1[0m stage [32mfrom-build-pack[0m and container [32mstep-build-container-build[0m
ERROR: logging before flag.Parse: E0803 09:40:15.985665      10 metadata.go:241] Failed to unmarshal scopes: json: cannot unmarshal string into Go value of type []string
[36mINFO[0m[0000] Resolved base name scratch to scratch        
[36mINFO[0m[0000] Using dockerignore file: /workspace/source/.dockerignore 
[36mINFO[0m[0000] Resolved base name scratch to scratch        
[36mINFO[0m[0000] Built cross stage deps: map[]                
[36mINFO[0m[0000] No base image, nothing to extract            
[36mINFO[0m[0000] cmd: EXPOSE                                  
[36mINFO[0m[0000] Adding exposed port: 8080/tcp                
[36mINFO[0m[0000] Checking for cached layer gcr.io/jenkins-x-labs-bdd/cache:de4fd6b89c63dd3488f1980a4adeabb4ac9b81e98df5a6d44bd3a99d1339d364... 
[36mINFO[0m[0000] No cached layer found for cmd COPY ./bin/ /  
[36mINFO[0m[0000] Unpacking rootfs as cmd COPY ./bin/ / requires it. 
[36mINFO[0m[0000] Taking snapshot of full filesystem...        
[36mINFO[0m[0000] Resolving paths                              
[36mINFO[0m[0000] EXPOSE 8080                                  
[36mINFO[0m[0000] cmd: EXPOSE                                  
[36mINFO[0m[0000] Adding exposed port: 8080/tcp                
[36mINFO[0m[0000] No files changed in this command, skipping snapshotting. 
[36mINFO[0m[0000] ENTRYPOINT ["/bdd-gh-1596446930"]            
[36mINFO[0m[0000] No files changed in this command, skipping snapshotting. 
[36mINFO[0m[0001] COPY ./bin/ /                                
[36mINFO[0m[0001] Resolving paths                              
[36mINFO[0m[0001] Taking snapshot of files...                  
[36mINFO[0m[0001] Pushing layer gcr.io/jenkins-x-labs-bdd/cache:de4fd6b89c63dd3488f1980a4adeabb4ac9b81e98df5a6d44bd3a99d1339d364 to cache now 

Showing logs for build [32mcb-kubecd-bdd-gh-1596446930-mas-6hh9p-1[0m stage [32mfrom-build-pack[0m and container [32mstep-promote-changelog[0m
Converted /workspace/source/charts/bdd-gh-1596446930 to an unshallow repository
Generating change log from git ref ea1f97651cecd98a0d3ce3698968b365a22a960f => 69ce578ba776374f1eff321a9f2620d5e1e5156a
Associating user x-0 in users.jenkins.io with email jenkins-x@googlegroups.com to git GitProvider user with login -0 as emails match
Adding label jenkins.io/git-github-userid=-0 to user x-0 in users.jenkins.io
WARNING: Failed to enrich commit d37ec08b87ca0dd479c1a8093e4192e0553d82d9 with issues: User.jenkins.io "x-0" is invalid: metadata.labels: Invalid value: "-0": a valid label must be an empty string or consist of alphanumeric characters, '-', '_' or '.', and must start and end with an alphanumeric character (e.g. 'MyValue',  or 'my_value',  or '12345', regex used for validation is '(([A-Za-z0-9][-A-Za-z0-9_.]*)?[A-Za-z0-9])?')
Finding issues in commit messages using git format
WARNING: No release found for cb-kubecd/bdd-gh-1596446930 and tag v0.0.2 so creating a new release
Updated the release information at https://github.com/cb-kubecd/bdd-gh-1596446930/releases/tag/v0.0.2
generated: /workspace/source/charts/bdd-gh-1596446930/templates/release.yaml
Created Release bdd-gh-1596446930-0-0-2 resource in namespace **
Updating PipelineActivity cb-kubecd-bdd-gh-1596446930-master-1 with version 0.0.2
Updated PipelineActivities cb-kubecd-bdd-gh-1596446930-master-1 with release notes URL: https://github.com/cb-kubecd/bdd-gh-1596446930/releases/tag/v0.0.2

Showing logs for build [32mcb-kubecd-bdd-gh-1596446930-mas-6hh9p-1[0m stage [32mfrom-build-pack[0m and container [32mstep-promote-helm-release[0m
WARNING: No $CHART_REPOSITORY defined so using the default value of: http://jenkins-x-chartmuseum:8080
Adding missing Helm repo: storage.googleapis.com https://storage.googleapis.com/chartmuseum.jenkins-x.io
Successfully added Helm repository storage.googleapis.com.
Adding missing Helm repo: jenkins-x-chartmuseum http://jenkins-x-chartmuseum:8080
Successfully added Helm repository jenkins-x-chartmuseum.
WARNING: No $CHART_REPOSITORY defined so using the default value of: http://jenkins-x-chartmuseum:8080
Uploading chart file bdd-gh-1596446930-0.0.2.tgz to http://jenkins-x-chartmuseum:8080/api/charts
Received 201 response: {"saved":true}

Showing logs for build [32mcb-kubecd-bdd-gh-1596446930-mas-6hh9p-1[0m stage [32mfrom-build-pack[0m and container [32mstep-promote-jx-promote[0m
defaulting to the version 0.0.2 from $VERSION
loading version stream URL https://github.com/jenkins-x/**r-versions.git ref 51c43e7afbb33146e89e6015b93ed76fd8137a6b
checking out ref 51c43e7afbb33146e89e6015b93ed76fd8137a6b
running command: git config --global credential.helper store
WARNING: prow based install so skip waiting for the merge of Pull Requests to go green as currently there is an issue with gettingstatuses from the PR, see https://github.com/jenkins-x/**/issues/2410
Promoting app bdd-gh-1596446930 version 0.0.2 to namespace **-staging
running command: git clone https://github.com/cb-kubecd/env-pr-1063-6-bdd-gke-dev.git **-promote-161067183
Cloning into '**-promote-161067183'...
cloned https://github.com/cb-kubecd/env-pr-1063-6-bdd-gke-dev.git to /tmp/**-promote-161067183
created Pull Request https://github.com/cb-kubecd/env-pr-1063-6-bdd-gke-dev/pull/2 from dir /tmp/**-promote-161067183
The build for the Pull Request last commit is currently in progress.
The build for the Pull Request last commit is currently in progress.
The build for the Pull Request last commit is currently in progress.
The build for the Pull Request last commit is currently in progress.
WARNING: Failed to query the Pull Request last commit status for https://github.com/cb-kubecd/env-pr-1063-6-bdd-gke-dev/pull/2 ref 461c8b7c529a45513b372ba056a46448e031d011 no commit statuses returned for repository cb-kubecd/env-pr-1063-6-bdd-gke-dev for PR last commit status of 461c8b7c529a45513b372ba056a46448e031d011
Rebasing PullRequest due to conflict
running command: git clone https://github.com/cb-kubecd/env-pr-1063-6-bdd-gke-dev.git **-promote-350605497
Cloning into '**-promote-350605497'...
cloned https://github.com/cb-kubecd/env-pr-1063-6-bdd-gke-dev.git to /tmp/**-promote-350605497
The build for the Pull Request last commit is currently in progress.
The build for the Pull Request last commit is currently in progress.
The build for the Pull Request last commit is currently in progress.
The build for the Pull Request last commit is currently in progress.
Pull Request https://github.com/cb-kubecd/env-pr-1063-6-bdd-gke-dev/pull/2 is merged at sha 5f8cda74d01d73edfa6c5444a82f908e7884ce29
Pull Request merged but we are not waiting for the update pipeline to complete!
WARNING: Could not find the service URL in namespace **-staging for names bdd-gh-1596446930, **-bdd-gh-1596446930, **-staging-bdd-gh-1596446930
